 Sort character strings:
        1 pAkAfrPkAjBawBWm9YLayMevRAk7IZeMJv6xhQAaszOMaDgXAI 1tRBQA4G6tW11T6YXqGiAFtUZkug4Ax2AfAbv4zA0AXAXrGXjv 1tRBQA4G6tW11T6YXqGiAFtUZkug4Ax2AfAbv4zA0AXAXrGXjv
        2 cahSJAXlJmozbdAw5yd5KAauYyZSmdNyzmsAaaJhaAH1Lup7Fd 3HMU54jaxiGhaAQAh3kAEoURTPyj6hBlagmfaaLaE3RaAAm3wj 3HMU54jaxiGhaAQAh3kAEoURTPyj6hBlagmfaaLaE3RaAAm3wj
        3 CavukWjk2h1S21tRSqVoaVe1nyRCq5IwZo9MGaqIBNAkgosCa7 4MlJoOaJBJvHDEANgAVd0a6L7AannIOQlAvU3GnaSmJrluWfAE 4MlJoOaJBJvHDEANgAVd0a6L7AannIOQlAvU3GnaSmJrluWfAE
        4 l8a42NqREAH2Av3DX8s8ZVL6hIaknuazegaxS6AAPF8G9qAui0 5fakAatWDkTAx5FlVaquHeraMLawCnAHOYwBD96arj1e9Aa4aa 5fakAatWDkTAx5FlVaquHeraMLawCnAHOYwBD96arj1e9Aa4aa
        5 A8AH7UyGIqV8aJCAnAAnFlOBxa7aZEPAiZWc5FYIjaExap0xhA 5jEZwjHNnaYERZGvw1YC61kAeqSaaRfBtZtgWxfaRZA39HcsAO 5jEZwjHNnaYERZGvw1YC61kAeqSaaRfBtZtgWxfaRZA39HcsAO
        6 hwPh9Mr1MHYpGWaaMA5OELb8af6uwWiwAuxvfSWa9fC1aAJwDE 6t8GAhmLmtETjBbaT8AAa77aBeYl9baaGsaPq99AZaXjAAyAus 6t8GAhmLmtETjBbaT8AAa77aBeYl9baaGsaPq99AZaXjAAyAus
        7 cKnaa2YHOWJKLDjZhaWnuV3sZ6aFszyO3txnAxalb8yKymORAZ 7cgjatTxX4llyDaaHhF8U9i1mxFD3AHg1saxeA1EAArfAiEfAh 7cgjatTxX4llyDaaHhF8U9i1mxFD3AHg1saxeA1EAArfAiEfAh
        8 996P8i5p5Xge9M4CRfwXAjsPgaopoxR6bhSpqbi2Wv1bgt3xXl 8aaeOXeicZdXepGdx9laA77ahbdqwemOPAUN16FuKPIAPsA9gt 8aaeOXeicZdXepGdx9laA77ahbdqwemOPAUN16FuKPIAPsA9gt
        9 AqAAEe4nSabTbJqAoYP719S16lxOITBaA41PZYAOaDc1JnMC7a 92HnkAz4qegGNyhAgktNmuIyMAa47a38fm2fBQtF3U582GaAah 92HnkAz4qegGNyhAgktNmuIyMAa47a38fm2fBQtF3U582GaAah
       10 ZQATMBAia9n8jEwKA5yRAZ85aE8oeXgS1AAYaoaAaBuyaWaASw 996P8i5p5Xge9M4CRfwXAjsPgaopoxR6bhSpqbi2Wv1bgt3xXl 996P8i5p5Xge9M4CRfwXAjsPgaopoxR6bhSpqbi2Wv1bgt3xXl
       11 MeLWjN3CFJe0GxU2UabTpQw9AeeaBLncIOGLvVaGAbtfHqvIca A8AH7UyGIqV8aJCAnAAnFlOBxa7aZEPAiZWc5FYIjaExap0xhA A8AH7UyGIqV8aJCAnAAnFlOBxa7aZEPAiZWc5FYIjaExap0xhA
       12 AmbQa9SKEiY7R4WCA1agbvaalanazEKAfWMeKa35SQaNru1K1H AAAJvAgjaxEaBAcx3KtjadvxaArQZ4ROA7AcKadawfhHyDdZas AAAJvAgjaxEaBAcx3KtjadvxaArQZ4ROA7AcKadawfhHyDdZas
       13 u51AIk7vQOmT2vtCDnvplmLXTfjubVAAzyZIa4CrfhDUToYIAL AAAatClkeSo74Saa6SakAaaYAA3vlG7H8KS9G2aXg6AivNIGco AAAatClkeSo74Saa6SakAaaYAA3vlG7H8KS9G2aXg6AivNIGco
       14 MicDAZAa3kvTKGn815NaAAb2gPKjSBUm6M5HQ7dF4yPUOayDrY ACAj6an9vyq9VjWUAaK8madw5BBn6aWtAZsVC2Bqant6rdZaan ACAj6an9vyq9VjWUAaK8madw5BBn6aWtAZsVC2Bqant6rdZaan
       15 EUc4sFaAfefSM81Vhma7baVkOVSaULKaCo1AXB22pI0KzmtE7l AXjhWaV6wFjidHBK5PSAzsTKAUtZhIEQLjBUaiA8bFnspHEAk5 AXjhWaV6wFjidHBK5PSAzsTKAUtZhIEQLjBUaiA8bFnspHEAk5
       16 GroVTApf2XyPDMnwunjCAaa4XmAAyW3vAIaYusSWD6za7Aweig Aa80GSaA5gtLbFTOekKgFWAM7VaCxtaijwp4KA1A2adJtiytiD Aa80GSaA5gtLbFTOekKgFWAM7VaCxtaijwp4KA1A2adJtiytiD
       17 AeIIOsAG3mqy9XABxLjGsFZwAUphRaQEaFOKuBrEAJYfoLBCBr AaWLraRtT4sAPAJfDDtIBYQCTifhPalhsAepFAuOn5aaKbAaL2 AaWLraRtT4sAPAJfDDtIBYQCTifhPalhsAepFAuOn5aaKbAaL2
       18 Z2vB1ADwWrBmotIuaVgsuagvaUHyapqa1voDsZAAawaALT9eWa Aauksx2m0aAhPAEfset8f1UZYsh6GCdQwaOPkaZZAOZbEYp9vf Aauksx2m0aAhPAEfset8f1UZYsh6GCdQwaOPkaZZAOZbEYp9vf
       19 wIcA2R3V1UIvD6iuYbKlWqajIzgO1OroAARaUvVUJdLAFhZwhj AeIIOsAG3mqy9XABxLjGsFZwAUphRaQEaFOKuBrEAJYfoLBCBr AeIIOsAG3mqy9XABxLjGsFZwAUphRaQEaFOKuBrEAJYfoLBCBr
       20 hPoCVdAMNLACATKFZKX3o19LUFugIAzAL0AjpaheaRdxaAaRAx AfFaaTAHAaaaopsEiAUXa1a4fSZXxj59e6pss7aaZabklGrPcP AfFaaTAHAaaaopsEiAUXa1a4fSZXxj59e6pss7aaZabklGrPcP
       21 hlBRxDAl90o2VHkwihfkA36UakgGXApMhgOZOU8Fgw0DZ8UpKB AhNOLLfaGAijEoq4emvcrA3qtAn9mZFsCcCZlTD5DSugcV3rFa AhNOLLfaGAijEoq4emvcrA3qtAn9mZFsCcCZlTD5DSugcV3rFa
       22 Aa80GSaA5gtLbFTOekKgFWAM7VaCxtaijwp4KA1A2adJtiytiD AioAAOGXSDHAR1iyTAA5QcgxaAZIpalvUVxAaeJA1aUhvoQaQa AioAAOGXSDHAR1iyTAA5QcgxaAZIpalvUVxAaeJA1aUhvoQaQa
       23 piASSArAqS47FJEaAB7aJZDcndfA3AyPRaqQRgaC1JIHAAAAvr AmbQa9SKEiY7R4WCA1agbvaalanazEKAfWMeKa35SQaNru1K1H AmbQa9SKEiY7R4WCA1agbvaalanazEKAfWMeKa35SQaNru1K1H
       24 wAy5KNldSYxAadDalVgYaATdM40qCa8IXLadiIARaDdQybtXqM AqAAEe4nSabTbJqAoYP719S16lxOITBaA41PZYAOaDc1JnMC7a AqAAEe4nSabTbJqAoYP719S16lxOITBaA41PZYAOaDc1JnMC7a
       25 RAa5meJoCkb3AmACMbrnLNMaa6AkPgApWIqTeXiGFpfstMReoY AsaF4KSAxAuW6gA2JaCinaYcAvbLfABppi71JAhkAiA7AnhxJ6 AsaF4KSAxAuW6gA2JaCinaYcAvbLfABppi71JAhkAiA7AnhxJ6
       26 AioAAOGXSDHAR1iyTAA5QcgxaAZIpalvUVxAaeJA1aUhvoQaQa CAaGPeBaoAB5zivTZNHLSqob8fIJmof5Tl9XbRUcSG3aF5UDvA CAaGPeBaoAB5zivTZNHLSqob8fIJmof5Tl9XbRUcSG3aF5UDvA
       27 jyGrO4BBPQHy1JAqQGBAZfi2TD99aJ9caANO8BASqaLrReaGJT CavukWjk2h1S21tRSqVoaVe1nyRCq5IwZo9MGaqIBNAkgosCa7 CavukWjk2h1S21tRSqVoaVe1nyRCq5IwZo9MGaqIBNAkgosCa7
       28 7cgjatTxX4llyDaaHhF8U9i1mxFD3AHg1saxeA1EAArfAiEfAh EUc4sFaAfefSM81Vhma7baVkOVSaULKaCo1AXB22pI0KzmtE7l EUc4sFaAfefSM81Vhma7baVkOVSaULKaCo1AXB22pI0KzmtE7l
       29 gtn9KsEpoAaapDZAyPayqaAAAjbG6cnEW5AaeMAReKU4IJSCbY GroVTApf2XyPDMnwunjCAaa4XmAAyW3vAIaYusSWD6za7Aweig GroVTApf2XyPDMnwunjCAaa4XmAAyW3vAIaYusSWD6za7Aweig
       30 eGMVaB7AXAvf15iR8VXjAgCaQBEQF3zaJRagtjTz5Jgv1xAAVa HLeDAN3AANpZrdBWawYa15fA51CA7AuAjxBTxLAvdRCAvNaAep HLeDAN3AANpZrdBWawYa15fA51CA7AuAjxBTxLAvdRCAvNaAep
       31 8aaeOXeicZdXepGdx9laA77ahbdqwemOPAUN16FuKPIAPsA9gt HzuOXTmrMG1ALAjtSAyBVORSE6iqanPLZAKFaPLVHVFa19M6Hk HzuOXTmrMG1ALAjtSAyBVORSE6iqanPLZAKFaPLVHVFa19M6Hk
       32 AaWLraRtT4sAPAJfDDtIBYQCTifhPalhsAepFAuOn5aaKbAaL2 JicYLYabaet0AafeAPOY3tXFOgzCbWcMMAZKzaiyAyVV7gAAX5 JicYLYabaet0AafeAPOY3tXFOgzCbWcMMAZKzaiyAyVV7gAAX5
       33 xODUyGAYAilaaM3acrluLY3sAaUKEXyaWTZA2HtZPhAa7U6ZdH MM9HArAQdVKefTOKvQGtFP9PRUiSVofPRI4TGH7ianZAu9lJ7U MM9HArAQdVKefTOKvQGtFP9PRUiSVofPRI4TGH7ianZAu9lJ7U
       34 6t8GAhmLmtETjBbaT8AAa77aBeYl9baaGsaPq99AZaXjAAyAus MeLWjN3CFJe0GxU2UabTpQw9AeeaBLncIOGLvVaGAbtfHqvIca MeLWjN3CFJe0GxU2UabTpQw9AeeaBLncIOGLvVaGAbtfHqvIca
       35 1tRBQA4G6tW11T6YXqGiAFtUZkug4Ax2AfAbv4zA0AXAXrGXjv MicDAZAa3kvTKGn815NaAAb2gPKjSBUm6M5HQ7dF4yPUOayDrY MicDAZAa3kvTKGn815NaAAb2gPKjSBUm6M5HQ7dF4yPUOayDrY
       36 qa67JoWwmxYsA2MIp3iAm4aAiA7hv3BUAQ5FbNadA5AZ57QO9w NHI1zabW5B0m5aYzFe8taAAC6OGpG6QLYRSAgIGPHaqAC3ADAA NHI1zabW5B0m5aYzFe8taAAC6OGpG6QLYRSAgIGPHaqAC3ADAA
       37 PaSBKAeAy1GtAkaowvHPk3Aaa2jvp7AYvSsRO1f7aaEmmCNtjn OA8XxHLwhyNLALcr7vMAhoAP3VAA5RQEyVGhaA1R9T9EGacToA OA8XxHLwhyNLALcr7vMAhoAP3VAA5RQEyVGhaA1R9T9EGacToA
       38 i4Z3DaGlraECBACN13sIif1AQvr4PQdAYJA4XFwXNZUFaGMbB6 P6yAPplaApIoHAY7MEb9q2DMU8aMiLaZ25ohOxaaLa7U9XBln7 P6yAPplaApIoHAY7MEb9q2DMU8aMiLaZ25ohOxaaLa7U9XBln7
       39 4MlJoOaJBJvHDEANgAVd0a6L7AannIOQlAvU3GnaSmJrluWfAE PaSBKAeAy1GtAkaowvHPk3Aaa2jvp7AYvSsRO1f7aaEmmCNtjn PaSBKAeAy1GtAkaowvHPk3Aaa2jvp7AYvSsRO1f7aaEmmCNtjn
       40 fJakakgaADajyBVfbddAHfY3bsqgyQuAPAawOOGWAlADAja6BC Q318aaa8aNbwG74SrJAi4sPTxrDxac0AAA58IuISuQfgpiA3bA Q318aaa8aNbwG74SrJAi4sPTxrDxac0AAA58IuISuQfgpiA3bA
       41 92HnkAz4qegGNyhAgktNmuIyMAa47a38fm2fBQtF3U582GaAah RAa5meJoCkb3AmACMbrnLNMaa6AkPgApWIqTeXiGFpfstMReoY RAa5meJoCkb3AmACMbrnLNMaa6AkPgApWIqTeXiGFpfstMReoY
       42 HzuOXTmrMG1ALAjtSAyBVORSE6iqanPLZAKFaPLVHVFa19M6Hk S71AAaTa25saX6HUgOamry6ofcZDnwP76oQuALP6MKhAGI5wVl S71AAaTa25saX6HUgOamry6ofcZDnwP76oQuALP6MKhAGI5wVl
       43 5fakAatWDkTAx5FlVaquHeraMLawCnAHOYwBD96arj1e9Aa4aa WkXITk3Iht7vlcA5AAPCAyo8jbRXSEadIrEdGmXMTaa9IaDaku WkXITk3Iht7vlcA5AAPCAyo8jbRXSEadIrEdGmXMTaa9IaDaku
       44 WkXITk3Iht7vlcA5AAPCAyo8jbRXSEadIrEdGmXMTaa9IaDaku WmAHxvNJjrETSQQ1U9SAatlArANtdb2aGRAj2yl4ayoSBybYnl WmAHxvNJjrETSQQ1U9SAatlArANtdb2aGRAj2yl4ayoSBybYnl
       45 nAEmDf8ZAC8aan1iohw2AmGgNaaPjavoaAqy1abeNvdafaEsuG Y246OR4hLR3Cl6lAWEAAyHNbhtEALIDAa32CxaevcKEQYAaa9l Y246OR4hLR3Cl6lAWEAAyHNbhtEALIDAa32CxaevcKEQYAaa9l
       46 jRUXerTVfmKAgaXTQ49w9Ypp2ra2Ah0AEYmNpLaa5JaA8eaHgk Yd7AzVJgAxa3WA4qoaafa5m52ZnXyVVoWPGzmiiu4dGDVAdlaa Yd7AzVJgAxa3WA4qoaafa5m52ZnXyVVoWPGzmiiu4dGDVAdlaa
       47 JicYLYabaet0AafeAPOY3tXFOgzCbWcMMAZKzaiyAyVV7gAAX5 Z2vB1ADwWrBmotIuaVgsuagvaUHyapqa1voDsZAAawaALT9eWa Z2vB1ADwWrBmotIuaVgsuagvaUHyapqa1voDsZAAawaALT9eWa
       48 WmAHxvNJjrETSQQ1U9SAatlArANtdb2aGRAj2yl4ayoSBybYnl ZQATMBAia9n8jEwKA5yRAZ85aE8oeXgS1AAYaoaAaBuyaWaASw ZQATMBAia9n8jEwKA5yRAZ85aE8oeXgS1AAYaoaAaBuyaWaASw
       49 P6yAPplaApIoHAY7MEb9q2DMU8aMiLaZ25ohOxaaLa7U9XBln7 aAE4pbCAxAPutbQYPMmh9PK7sbxTCYcVRpuvMHAAwbk8ULaUMe aAE4pbCAxAPutbQYPMmh9PK7sbxTCYcVRpuvMHAAwbk8ULaUMe
       50 egMEBjydO4AVZ6LXoaglwwcZRZbBaoAIRRAha1CaaCcdyrpa6t aAYdaGaa8a2ppnpjmk3BGAMrAAXARx15MRrWuatARxjp9uOrYd aAYdaGaa8a2ppnpjmk3BGAMrAAXARx15MRrWuatARxjp9uOrYd
       51 tO8UJekaSUAttoPuabj6bpJ0wFaUalR2YllYZtEUa8MuJMpIO5 aFWoagFgwyMjBbwChOhAzGAKs6Uanda9poRntvsaaaUAKWTaD2 aFWoagFgwyMjBbwChOhAzGAKs6Uanda9poRntvsaaaUAKWTaD2
       52 AfFaaTAHAaaaopsEiAUXa1a4fSZXxj59e6pss7aaZabklGrPcP aPlTwVnAa6BvohaaZaaGyOA7ymZpA4yLDCa3Etu2ZPtkvMncaF aPlTwVnAa6BvohaaZaaGyOA7ymZpA4yLDCa3Etu2ZPtkvMncaF
       53 OA8XxHLwhyNLALcr7vMAhoAP3VAA5RQEyVGhaA1R9T9EGacToA aYcGiEavLYUsInnwGABnJl38QelFRSavkj5nKt87kAflRPUffE aYcGiEavLYUsInnwGABnJl38QelFRSavkj5nKt87kAflRPUffE
       54 CAaGPeBaoAB5zivTZNHLSqob8fIJmof5Tl9XbRUcSG3aF5UDvA afCeDuAQpZGTyapVRgSeauL4Ahzdyk8WDgABAvsWXmaqbjMvHX afCeDuAQpZGTyapVRgSeauL4Ahzdyk8WDgABAvsWXmaqbjMvHX
       55 Aauksx2m0aAhPAEfset8f1UZYsh6GCdQwaOPkaZZAOZbEYp9vf ahonTjzVfa6SAngUAAAVbaVm4jla5pcOZdAqdAqFyKBAjaxvaa ahonTjzVfa6SAngUAAAVbaVm4jla5pcOZdAqdAqFyKBAjaxvaa
       56 MM9HArAQdVKefTOKvQGtFP9PRUiSVofPRI4TGH7ianZAu9lJ7U azwzDJHjoTX3JhXahWGeIRAPBjdIm0CSGsVLkAAMtUAaWrvsi3 azwzDJHjoTX3JhXahWGeIRAPBjdIm0CSGsVLkAAMtUAaWrvsi3
       57 ma6Tvpn6lNHaS7iaZujAyRaH5PTYkWsGkACdPiTECtapaR1A58 bEKaaAw80U9Xm6rFA5L7ARlupOkhA8nOhTIasxDCAakayMayXO bEKaaAw80U9Xm6rFA5L7ARlupOkhA8nOhTIasxDCAakayMayXO
       58 llJuYaJyOQSyQGNWOzsYAAO8AJ1FrELkJCVayKlBBA8iaAR29G cBmAJysAaqZATnO7AYM3AvjAdw7PaiOAlQGAFXMVYKaA4rSIID cBmAJysAaqZATnO7AYM3AvjAdw7PaiOAlQGAFXMVYKaA4rSIID
       59 aAYdaGaa8a2ppnpjmk3BGAMrAAXARx15MRrWuatARxjp9uOrYd cKnaa2YHOWJKLDjZhaWnuV3sZ6aFszyO3txnAxalb8yKymORAZ cKnaa2YHOWJKLDjZhaWnuV3sZ6aFszyO3txnAxalb8yKymORAZ
       60 bEKaaAw80U9Xm6rFA5L7ARlupOkhA8nOhTIasxDCAakayMayXO cahSJAXlJmozbdAw5yd5KAauYyZSmdNyzmsAaaJhaAH1Lup7Fd cahSJAXlJmozbdAw5yd5KAauYyZSmdNyzmsAaaJhaAH1Lup7Fd
       61 s1AaljcCjaW8KXIei2tkAPRF2iPapaJvyajeIGkCaJAYNhFFAC d5xhXeFpswnYgYoN9jyaAWao4avKFUgoVIXA69qMA9AaIYSYJ3 d5xhXeFpswnYgYoN9jyaAWao4avKFUgoVIXA69qMA9AaIYSYJ3
       62 NHI1zabW5B0m5aYzFe8taAAC6OGpG6QLYRSAgIGPHaqAC3ADAA eGMVaB7AXAvf15iR8VXjAgCaQBEQF3zaJRagtjTz5Jgv1xAAVa eGMVaB7AXAvf15iR8VXjAgCaQBEQF3zaJRagtjTz5Jgv1xAAVa
       63 aYcGiEavLYUsInnwGABnJl38QelFRSavkj5nKt87kAflRPUffE egMEBjydO4AVZ6LXoaglwwcZRZbBaoAIRRAha1CaaCcdyrpa6t egMEBjydO4AVZ6LXoaglwwcZRZbBaoAIRRAha1CaaCcdyrpa6t
       64 gbn0HYgNQzHadaanZchI11NarKbuAgUQ71wswAFoFYArFsSAF5 fJakakgaADajyBVfbddAHfY3bsqgyQuAPAawOOGWAlADAja6BC fJakakgaADajyBVfbddAHfY3bsqgyQuAPAawOOGWAlADAja6BC
       65 p2E3eD6HRIuAMlAamm7UKlfa0yjXcaZoNmvhxA7DAV0U9OpRV2 g7AvApkAazZtXnKIaGAbO4q42JaxCMvkAAXarnJaPomgaAA7nE g7AvApkAazZtXnKIaGAbO4q42JaxCMvkAAXarnJaPomgaAA7nE
       66 jtL33qianiAcMeqis3RWlDwhaAA3706pA7Ieh88DqFbh7pAMJ1 gbn0HYgNQzHadaanZchI11NarKbuAgUQ71wswAFoFYArFsSAF5 gbn0HYgNQzHadaanZchI11NarKbuAgUQ71wswAFoFYArFsSAF5
       67 AhNOLLfaGAijEoq4emvcrA3qtAn9mZFsCcCZlTD5DSugcV3rFa gtn9KsEpoAaapDZAyPayqaAAAjbG6cnEW5AaeMAReKU4IJSCbY gtn9KsEpoAaapDZAyPayqaAAAjbG6cnEW5AaeMAReKU4IJSCbY
       68 aFWoagFgwyMjBbwChOhAzGAKs6Uanda9poRntvsaaaUAKWTaD2 hIYjRNLTrTiU9rdUauarqeakNaGABkWuwBXNaEkU4GElUAUea2 hIYjRNLTrTiU9rdUauarqeakNaGABkWuwBXNaEkU4GElUAUea2
       69 kuAEJWNEtAfqWMeZWrbmEb9APKADdl498aA0AxehT8cbjGLkUh hPoCVdAMNLACATKFZKX3o19LUFugIAzAL0AjpaheaRdxaAaRAx hPoCVdAMNLACATKFZKX3o19LUFugIAzAL0AjpaheaRdxaAaRAx
       70 Yd7AzVJgAxa3WA4qoaafa5m52ZnXyVVoWPGzmiiu4dGDVAdlaa hlBRxDAl90o2VHkwihfkA36UakgGXApMhgOZOU8Fgw0DZ8UpKB hlBRxDAl90o2VHkwihfkA36UakgGXApMhgOZOU8Fgw0DZ8UpKB
       71 xA90o87MBwjeecf5Aaksd9SQBxEhDkx9ybWeauqayaz3ctaApZ hwPh9Mr1MHYpGWaaMA5OELb8af6uwWiwAuxvfSWa9fC1aAJwDE hwPh9Mr1MHYpGWaaMA5OELb8af6uwWiwAuxvfSWa9fC1aAJwDE
       72 S71AAaTa25saX6HUgOamry6ofcZDnwP76oQuALP6MKhAGI5wVl i4Z3DaGlraECBACN13sIif1AQvr4PQdAYJA4XFwXNZUFaGMbB6 i4Z3DaGlraECBACN13sIif1AQvr4PQdAYJA4XFwXNZUFaGMbB6
       73 ahonTjzVfa6SAngUAAAVbaVm4jla5pcOZdAqdAqFyKBAjaxvaa ieAa2iVxaE5Bx98iAZMAbq3eaxqS2OkaYaXrT9RbAPaRnATCCH ieAa2iVxaE5Bx98iAZMAbq3eaxqS2OkaYaXrT9RbAPaRnATCCH
       74 Y246OR4hLR3Cl6lAWEAAyHNbhtEALIDAa32CxaevcKEQYAaa9l jRUXerTVfmKAgaXTQ49w9Ypp2ra2Ah0AEYmNpLaa5JaA8eaHgk jRUXerTVfmKAgaXTQ49w9Ypp2ra2Ah0AEYmNpLaa5JaA8eaHgk
       75 AsaF4KSAxAuW6gA2JaCinaYcAvbLfABppi71JAhkAiA7AnhxJ6 jtL33qianiAcMeqis3RWlDwhaAA3706pA7Ieh88DqFbh7pAMJ1 jtL33qianiAcMeqis3RWlDwhaAA3706pA7Ieh88DqFbh7pAMJ1
       76 cBmAJysAaqZATnO7AYM3AvjAdw7PaiOAlQGAFXMVYKaA4rSIID jyGrO4BBPQHy1JAqQGBAZfi2TD99aJ9caANO8BASqaLrReaGJT jyGrO4BBPQHy1JAqQGBAZfi2TD99aJ9caANO8BASqaLrReaGJT
       77 q3bAaaBAPOM2ar3dwd7AamJCfSIWqaaaWfgt5AALApQCsWXatR kuAEJWNEtAfqWMeZWrbmEb9APKADdl498aA0AxehT8cbjGLkUh kuAEJWNEtAfqWMeZWrbmEb9APKADdl498aA0AxehT8cbjGLkUh
       78 Q318aaa8aNbwG74SrJAi4sPTxrDxac0AAA58IuISuQfgpiA3bA l8a42NqREAH2Av3DX8s8ZVL6hIaknuazegaxS6AAPF8G9qAui0 l8a42NqREAH2Av3DX8s8ZVL6hIaknuazegaxS6AAPF8G9qAui0
       79 azwzDJHjoTX3JhXahWGeIRAPBjdIm0CSGsVLkAAMtUAaWrvsi3 lgc39hG3CuAAbSmdUFcA83uEioAYoXsoFFCUDbxwP3TQYYMv3a lgc39hG3CuAAbSmdUFcA83uEioAYoXsoFFCUDbxwP3TQYYMv3a
       80 g7AvApkAazZtXnKIaGAbO4q42JaxCMvkAAXarnJaPomgaAA7nE llJuYaJyOQSyQGNWOzsYAAO8AJ1FrELkJCVayKlBBA8iaAR29G llJuYaJyOQSyQGNWOzsYAAO8AJ1FrELkJCVayKlBBA8iaAR29G
       81 d5xhXeFpswnYgYoN9jyaAWao4avKFUgoVIXA69qMA9AaIYSYJ3 ma6Tvpn6lNHaS7iaZujAyRaH5PTYkWsGkACdPiTECtapaR1A58 ma6Tvpn6lNHaS7iaZujAyRaH5PTYkWsGkACdPiTECtapaR1A58
       82 qvXAPAMSaUIzwDo52W4a7BAEaA1aVaRaEdFCAAiAoX1qC0hOkH nAEmDf8ZAC8aan1iohw2AmGgNaaPjavoaAqy1abeNvdafaEsuG nAEmDf8ZAC8aan1iohw2AmGgNaaPjavoaAqy1abeNvdafaEsuG
       83 hIYjRNLTrTiU9rdUauarqeakNaGABkWuwBXNaEkU4GElUAUea2 p2E3eD6HRIuAMlAamm7UKlfa0yjXcaZoNmvhxA7DAV0U9OpRV2 p2E3eD6HRIuAMlAamm7UKlfa0yjXcaZoNmvhxA7DAV0U9OpRV2
       84 AXjhWaV6wFjidHBK5PSAzsTKAUtZhIEQLjBUaiA8bFnspHEAk5 pAkAfrPkAjBawBWm9YLayMevRAk7IZeMJv6xhQAaszOMaDgXAI pAkAfrPkAjBawBWm9YLayMevRAk7IZeMJv6xhQAaszOMaDgXAI
       85 lgc39hG3CuAAbSmdUFcA83uEioAYoXsoFFCUDbxwP3TQYYMv3a piASSArAqS47FJEaAB7aJZDcndfA3AyPRaqQRgaC1JIHAAAAvr piASSArAqS47FJEaAB7aJZDcndfA3AyPRaqQRgaC1JIHAAAAvr
       86 3HMU54jaxiGhaAQAh3kAEoURTPyj6hBlagmfaaLaE3RaAAm3wj q3bAaaBAPOM2ar3dwd7AamJCfSIWqaaaWfgt5AALApQCsWXatR q3bAaaBAPOM2ar3dwd7AamJCfSIWqaaaWfgt5AALApQCsWXatR
       87 HLeDAN3AANpZrdBWawYa15fA51CA7AuAjxBTxLAvdRCAvNaAep qa67JoWwmxYsA2MIp3iAm4aAiA7hv3BUAQ5FbNadA5AZ57QO9w qa67JoWwmxYsA2MIp3iAm4aAiA7hv3BUAQ5FbNadA5AZ57QO9w
       88 ACAj6an9vyq9VjWUAaK8madw5BBn6aWtAZsVC2Bqant6rdZaan qvXAPAMSaUIzwDo52W4a7BAEaA1aVaRaEdFCAAiAoX1qC0hOkH qvXAPAMSaUIzwDo52W4a7BAEaA1aVaRaEdFCAAiAoX1qC0hOkH
       89 AAAJvAgjaxEaBAcx3KtjadvxaArQZ4ROA7AcKadawfhHyDdZas s1AaljcCjaW8KXIei2tkAPRF2iPapaJvyajeIGkCaJAYNhFFAC s1AaljcCjaW8KXIei2tkAPRF2iPapaJvyajeIGkCaJAYNhFFAC
       90 xKtHM2XbDeWW4hhFAR5bgLVWwAqAAbQjlmPOa8LNfaCVkleAS3 tO8UJekaSUAttoPuabj6bpJ0wFaUalR2YllYZtEUa8MuJMpIO5 tO8UJekaSUAttoPuabj6bpJ0wFaUalR2YllYZtEUa8MuJMpIO5
       91 va4akA1UaSumJaduADYaAp9aAbahzSzawFgpqBAsdTaaVLYK0h u51AIk7vQOmT2vtCDnvplmLXTfjubVAAzyZIa4CrfhDUToYIAL u51AIk7vQOmT2vtCDnvplmLXTfjubVAAzyZIa4CrfhDUToYIAL
       92 ieAa2iVxaE5Bx98iAZMAbq3eaxqS2OkaYaXrT9RbAPaRnATCCH va4akA1UaSumJaduADYaAp9aAbahzSzawFgpqBAsdTaaVLYK0h va4akA1UaSumJaduADYaAp9aAbahzSzawFgpqBAsdTaaVLYK0h
       93 aPlTwVnAa6BvohaaZaaGyOA7ymZpA4yLDCa3Etu2ZPtkvMncaF wAy5KNldSYxAadDalVgYaATdM40qCa8IXLadiIARaDdQybtXqM wAy5KNldSYxAadDalVgYaATdM40qCa8IXLadiIARaDdQybtXqM
       94 aAE4pbCAxAPutbQYPMmh9PK7sbxTCYcVRpuvMHAAwbk8ULaUMe wIcA2R3V1UIvD6iuYbKlWqajIzgO1OroAARaUvVUJdLAFhZwhj wIcA2R3V1UIvD6iuYbKlWqajIzgO1OroAARaUvVUJdLAFhZwhj
       95 afCeDuAQpZGTyapVRgSeauL4Ahzdyk8WDgABAvsWXmaqbjMvHX xA90o87MBwjeecf5Aaksd9SQBxEhDkx9ybWeauqayaz3ctaApZ xA90o87MBwjeecf5Aaksd9SQBxEhDkx9ybWeauqayaz3ctaApZ
       96 5jEZwjHNnaYERZGvw1YC61kAeqSaaRfBtZtgWxfaRZA39HcsAO xKtHM2XbDeWW4hhFAR5bgLVWwAqAAbQjlmPOa8LNfaCVkleAS3 xKtHM2XbDeWW4hhFAR5bgLVWwAqAAbQjlmPOa8LNfaCVkleAS3
       97 AAAatClkeSo74Saa6SakAaaYAA3vlG7H8KS9G2aXg6AivNIGco xODUyGAYAilaaM3acrluLY3sAaUKEXyaWTZA2HtZPhAa7U6ZdH xODUyGAYAilaaM3acrluLY3sAaUKEXyaWTZA2HtZPhAa7U6ZdH
 Sort double precision:
        1    877.3952        5.462978        5.462978    
        2    912.7193        5.618021        5.618021    
        3    859.8341        16.96266        16.96266    
        4    512.0370        21.01361        21.01361    
        5    72.75268        32.92730        32.92730    
        6    788.4305        35.54646        35.54646    
        7    601.3644        47.64693        47.64693    
        8    236.3107        59.93507        59.93507    
        9    436.0994        72.75268        72.75268    
       10    620.5808        87.78826        87.78826    
       11    5.618021        120.2817        120.2817    
       12    684.1041        121.2290        121.2290    
       13    827.4307        128.8902        128.8902    
       14    392.4456        153.7171        153.7171    
       15    967.6085        166.3464        166.3464    
       16    760.2911        175.5759        175.5759    
       17    564.2521        176.8621        176.8621    
       18    421.9210        179.0422        179.0422    
       19    312.9577        188.4402        188.4402    
       20    389.1816        194.5045        194.5045    
       21    780.0901        201.5251        201.5251    
       22    176.8621        201.9643        201.9643    
       23    87.78826        228.6257        228.6257    
       24    733.4823        231.0179        231.0179    
       25    327.0631        235.4905        235.4905    
       26    314.1863        236.3107        236.3107    
       27    254.9885        251.2411        251.2411    
       28    916.1117        252.8506        252.8506    
       29    520.6388        254.9885        254.9885    
       30    990.5308        267.1258        267.1258    
       31    739.8185        282.2214        282.2214    
       32    659.8341        301.6275        301.6275    
       33    32.92730        304.7325        304.7325    
       34    321.9165        312.9577        312.9577    
       35    961.2683        313.0264        313.0264    
       36    877.6488        314.1863        314.1863    
       37    317.1321        317.1321        317.1321    
       38    201.9643        321.9165        321.9165    
       39    251.2411        327.0631        327.0631    
       40    393.5479        358.8958        358.8958    
       41    795.0901        384.3399        384.3399    
       42    722.4185        387.8333        387.8333    
       43    387.8333        389.1816        389.1816    
       44    423.2610        389.2762        389.2762    
       45    231.0179        392.4456        392.4456    
       46    680.7983        393.5479        393.5479    
       47    771.2537        412.6188        412.6188    
       48    35.54646        415.5326        415.5326    
       49    989.2482        421.9210        421.9210    
       50    252.8506        423.2610        423.2610    
       51    228.6257        436.0994        436.0994    
       52    301.6275        450.9501        450.9501    
       53    770.5804        456.6889        456.6889    
       54    592.2375        466.6926        466.6926    
       55    958.7975        471.9695        471.9695    
       56    473.5139        473.5139        473.5139    
       57    389.2762        512.0370        512.0370    
       58    282.2214        520.6388        520.6388    
       59    685.3185        540.6968        540.6968    
       60    384.3399        564.2521        564.2521    
       61    153.7171        592.2375        592.2375    
       62    188.4402        601.3644        601.3644    
       63    175.5759        620.5808        620.5808    
       64    313.0264        659.8341        659.8341    
       65    201.5251        672.0651        672.0651    
       66    194.5045        673.2244        673.2244    
       67    466.6926        680.7983        680.7983    
       68    772.7459        684.1041        684.1041    
       69    415.5326        685.3185        685.3185    
       70    450.9501        721.1733        721.1733    
       71    166.3464        722.4185        722.4185    
       72    826.4674        733.4823        733.4823    
       73    758.5312        739.8185        739.8185    
       74    456.6889        758.5312        758.5312    
       75    304.7325        760.2911        760.2911    
       76    120.2817        770.5804        770.5804    
       77    47.64693        771.2537        771.2537    
       78    828.7814        772.7459        772.7459    
       79    16.96266        774.2672        774.2672    
       80    774.2672        780.0901        780.0901    
       81    358.8958        788.4305        788.4305    
       82    128.8902        795.0901        795.0901    
       83    267.1258        826.4674        826.4674    
       84    471.9695        827.4307        827.4307    
       85    59.93507        828.7814        828.7814    
       86    235.4905        856.4366        856.4366    
       87    856.4366        859.8341        859.8341    
       88    21.01361        869.6620        869.6620    
       89    412.6188        877.3952        877.3952    
       90    869.6620        877.6488        877.6488    
       91    179.0422        912.7193        912.7193    
       92    5.462978        916.1117        916.1117    
       93    673.2244        958.7975        958.7975    
       94    672.0651        961.2683        961.2683    
       95    721.1733        967.6085        967.6085    
       96    121.2290        989.2482        989.2482    
       97    540.6968        990.5308        990.5308    
 Sort single precision:
        1    877.3953        5.462978        5.462978    
        2    912.7193        5.618021        5.618021    
        3    859.8341        16.96266        16.96266    
        4    512.0370        21.01361        21.01361    
        5    72.75269        32.92730        32.92730    
        6    788.4305        35.54646        35.54646    
        7    601.3644        47.64693        47.64693    
        8    236.3107        59.93507        59.93507    
        9    436.0994        72.75269        72.75269    
       10    620.5808        87.78826        87.78826    
       11    5.618021        120.2817        120.2817    
       12    684.1041        121.2290        121.2290    
       13    827.4307        128.8902        128.8902    
       14    392.4456        153.7171        153.7171    
       15    967.6085        166.3464        166.3464    
       16    760.2911        175.5759        175.5759    
       17    564.2521        176.8621        176.8621    
       18    421.9210        179.0422        179.0422    
       19    312.9577        188.4402        188.4402    
       20    389.1816        194.5045        194.5045    
       21    780.0901        201.5251        201.5251    
       22    176.8621        201.9643        201.9643    
       23    87.78826        228.6257        228.6257    
       24    733.4822        231.0179        231.0179    
       25    327.0631        235.4905        235.4905    
       26    314.1863        236.3107        236.3107    
       27    254.9885        251.2411        251.2411    
       28    916.1117        252.8506        252.8506    
       29    520.6387        254.9885        254.9885    
       30    990.5308        267.1258        267.1258    
       31    739.8185        282.2214        282.2214    
       32    659.8341        301.6275        301.6275    
       33    32.92730        304.7325        304.7325    
       34    321.9165        312.9577        312.9577    
       35    961.2682        313.0265        313.0265    
       36    877.6488        314.1863        314.1863    
       37    317.1321        317.1321        317.1321    
       38    201.9643        321.9165        321.9165    
       39    251.2411        327.0631        327.0631    
       40    393.5479        358.8958        358.8958    
       41    795.0901        384.3399        384.3399    
       42    722.4185        387.8333        387.8333    
       43    387.8333        389.1816        389.1816    
       44    423.2610        389.2762        389.2762    
       45    231.0179        392.4456        392.4456    
       46    680.7983        393.5479        393.5479    
       47    771.2537        412.6188        412.6188    
       48    35.54646        415.5326        415.5326    
       49    989.2482        421.9210        421.9210    
       50    252.8506        423.2610        423.2610    
       51    228.6257        436.0994        436.0994    
       52    301.6275        450.9501        450.9501    
       53    770.5804        456.6889        456.6889    
       54    592.2375        466.6926        466.6926    
       55    958.7975        471.9695        471.9695    
       56    473.5139        473.5139        473.5139    
       57    389.2762        512.0370        512.0370    
       58    282.2214        520.6387        520.6387    
       59    685.3185        540.6968        540.6968    
       60    384.3399        564.2521        564.2521    
       61    153.7171        592.2375        592.2375    
       62    188.4402        601.3644        601.3644    
       63    175.5759        620.5808        620.5808    
       64    313.0265        659.8341        659.8341    
       65    201.5251        672.0651        672.0651    
       66    194.5045        673.2244        673.2244    
       67    466.6926        680.7983        680.7983    
       68    772.7459        684.1041        684.1041    
       69    415.5326        685.3185        685.3185    
       70    450.9501        721.1733        721.1733    
       71    166.3464        722.4185        722.4185    
       72    826.4674        733.4822        733.4822    
       73    758.5311        739.8185        739.8185    
       74    456.6889        758.5311        758.5311    
       75    304.7325        760.2911        760.2911    
       76    120.2817        770.5804        770.5804    
       77    47.64693        771.2537        771.2537    
       78    828.7814        772.7459        772.7459    
       79    16.96266        774.2672        774.2672    
       80    774.2672        780.0901        780.0901    
       81    358.8958        788.4305        788.4305    
       82    128.8902        795.0901        795.0901    
       83    267.1258        826.4674        826.4674    
       84    471.9695        827.4307        827.4307    
       85    59.93507        828.7814        828.7814    
       86    235.4905        856.4366        856.4366    
       87    856.4366        859.8341        859.8341    
       88    21.01361        869.6619        869.6619    
       89    412.6188        877.3953        877.3953    
       90    869.6619        877.6488        877.6488    
       91    179.0422        912.7193        912.7193    
       92    5.462978        916.1117        916.1117    
       93    673.2244        958.7975        958.7975    
       94    672.0651        961.2682        961.2682    
       95    721.1733        967.6085        967.6085    
       96    121.2290        989.2482        989.2482    
       97    540.6968        990.5308        990.5308    
 Sort integer:
           1         877           5           5
           2         913           6           6
           3         860          17          17
           4         512          21          21
           5          73          33          33
           6         788          36          36
           7         601          48          48
           8         236          60          60
           9         436          73          73
          10         621          88          88
          11           6         120         120
          12         684         121         121
          13         827         129         129
          14         392         154         154
          15         968         166         166
          16         760         176         176
          17         564         177         177
          18         422         179         179
          19         313         188         188
          20         389         195         195
          21         780         202         202
          22         177         202         202
          23          88         229         229
          24         733         231         231
          25         327         235         235
          26         314         236         236
          27         255         251         251
          28         916         253         253
          29         521         255         255
          30         991         267         267
          31         740         282         282
          32         660         302         302
          33          33         305         305
          34         322         313         313
          35         961         313         313
          36         878         314         314
          37         317         317         317
          38         202         322         322
          39         251         327         327
          40         394         359         359
          41         795         384         384
          42         722         388         388
          43         388         389         389
          44         423         389         389
          45         231         392         392
          46         681         394         394
          47         771         413         413
          48          36         416         416
          49         989         422         422
          50         253         423         423
          51         229         436         436
          52         302         451         451
          53         771         457         457
          54         592         467         467
          55         959         472         472
          56         474         474         474
          57         389         512         512
          58         282         521         521
          59         685         541         541
          60         384         564         564
          61         154         592         592
          62         188         601         601
          63         176         621         621
          64         313         660         660
          65         202         672         672
          66         195         673         673
          67         467         681         681
          68         773         684         684
          69         416         685         685
          70         451         721         721
          71         166         722         722
          72         826         733         733
          73         759         740         740
          74         457         759         759
          75         305         760         760
          76         120         771         771
          77          48         771         771
          78         829         773         773
          79          17         774         774
          80         774         780         780
          81         359         788         788
          82         129         795         795
          83         267         826         826
          84         472         827         827
          85          60         829         829
          86         235         856         856
          87         856         860         860
          88          21         870         870
          89         413         877         877
          90         870         878         878
          91         179         913         913
          92           5         916         916
          93         673         959         959
          94         672         961         961
          95         721         968         968
          96         121         989         989
          97         541         991         991
